<?xml version="1.0" encoding="UTF-8"?>
<!-- Generated by org.testng.reporters.JUnitReportReporter -->
<testsuite skipped="0" hostname="DESKTOP-LTCNF9N" name="getRequest.UserController_GetData" tests="2" failures="0" timestamp="16 Mar 2019 06:54:23 GMT" time="2.188" errors="0">
  <testcase name="testbody" time="0.604" classname="getRequest.UserController_GetData"/>
  <testcase name="Getdata" time="1.584" classname="getRequest.UserController_GetData"/>
</testsuite> <!-- getRequest.UserController_GetData -->
