<?xml version="1.0" encoding="UTF-8"?>
<!-- Generated by org.testng.reporters.JUnitReportReporter -->
<testsuite skipped="0" hostname="DESKTOP-LTCNF9N" name="getRequest.GET_QuestionDifficulty" tests="2" failures="0" timestamp="15 Mar 2019 10:30:04 GMT" time="3.376" errors="0">
  <testcase name="testResponsecode" time="1.562" classname="getRequest.GET_QuestionDifficulty"/>
  <testcase name="testbody" time="1.814" classname="getRequest.GET_QuestionDifficulty"/>
</testsuite> <!-- getRequest.GET_QuestionDifficulty -->
