<?xml version="1.0" encoding="UTF-8"?>
<!-- Generated by org.testng.reporters.JUnitReportReporter -->
<testsuite skipped="0" hostname="DESKTOP-LTCNF9N" name="getRequest.questionsetformats_getRequest" tests="2" failures="0" timestamp="14 Mar 2019 09:10:49 GMT" time="3.190" errors="0">
  <testcase name="testResponsecode" time="0.616" classname="getRequest.questionsetformats_getRequest"/>
  <testcase name="Responsebody" time="2.574" classname="getRequest.questionsetformats_getRequest"/>
</testsuite> <!-- getRequest.questionsetformats_getRequest -->
