<?xml version="1.0" encoding="UTF-8"?>
<!-- Generated by org.testng.reporters.JUnitReportReporter -->
<testsuite skipped="0" hostname="DESKTOP-LTCNF9N" name="getRequest.Topics_Getdata" tests="2" failures="0" timestamp="14 Mar 2019 10:28:05 GMT" time="2.261" errors="0">
  <testcase name="testResponsecode" time="1.633" classname="getRequest.Topics_Getdata"/>
  <testcase name="testbody" time="0.628" classname="getRequest.Topics_Getdata"/>
</testsuite> <!-- getRequest.Topics_Getdata -->
