<?xml version="1.0" encoding="UTF-8"?>
<!-- Generated by org.testng.reporters.JUnitReportReporter -->
<testsuite skipped="0" hostname="DESKTOP-LTCNF9N" name="FundooNotes.GET_Note" tests="2" failures="0" timestamp="28 Mar 2019 09:14:27 GMT" time="1.145" errors="0">
  <testcase name="testResponsecode" time="1.051" classname="FundooNotes.GET_Note"/>
  <testcase name="testbody" time="0.094" classname="FundooNotes.GET_Note"/>
</testsuite> <!-- FundooNotes.GET_Note -->
