<?xml version="1.0" encoding="UTF-8"?>
<!-- Generated by org.testng.reporters.JUnitReportReporter -->
<testsuite skipped="0" hostname="DESKTOP-LTCNF9N" name="getRequest.questionsetformats_getRequest$getData" tests="2" failures="0" timestamp="13 Mar 2019 04:50:51 GMT" time="3.580" errors="0">
  <testcase name="testResponsecode" time="2.941" classname="getRequest.questionsetformats_getRequest$getData"/>
  <testcase name="testbody" time="0.639" classname="getRequest.questionsetformats_getRequest$getData"/>
</testsuite> <!-- getRequest.questionsetformats_getRequest$getData -->
