<?xml version="1.0" encoding="UTF-8"?>
<!-- Generated by org.testng.reporters.JUnitReportReporter -->
<testsuite skipped="0" hostname="DESKTOP-LTCNF9N" name="FundooNotes.Login_PostData" tests="1" failures="0" timestamp="28 Mar 2019 09:16:46 GMT" time="1.047" errors="0">
  <testcase name="postdata" time="1.047" classname="FundooNotes.Login_PostData"/>
</testsuite> <!-- FundooNotes.Login_PostData -->
