<?xml version="1.0" encoding="UTF-8"?>
<!-- Generated by org.testng.reporters.JUnitReportReporter -->
<testsuite skipped="0" hostname="DESKTOP-LTCNF9N" name="FundooNotes.GetUserDetails_byid" tests="2" failures="0" timestamp="28 Mar 2019 09:25:45 GMT" time="1.002" errors="0">
  <testcase name="testbody" time="0.032" classname="FundooNotes.GetUserDetails_byid"/>
  <testcase name="testResponsecode" time="0.970" classname="FundooNotes.GetUserDetails_byid"/>
</testsuite> <!-- FundooNotes.GetUserDetails_byid -->
