<?xml version="1.0" encoding="UTF-8"?>
<!-- Generated by org.testng.reporters.JUnitReportReporter -->
<testsuite skipped="0" hostname="DESKTOP-LTCNF9N" name="FundooNotes.GetUserDetails" tests="2" failures="0" timestamp="28 Mar 2019 09:19:04 GMT" time="1.185" errors="0">
  <testcase name="testResponsecode" time="1.075" classname="FundooNotes.GetUserDetails"/>
  <testcase name="testbody" time="0.110" classname="FundooNotes.GetUserDetails"/>
</testsuite> <!-- FundooNotes.GetUserDetails -->
