<?xml version="1.0" encoding="UTF-8"?>
<!-- Generated by org.testng.reporters.JUnitReportReporter -->
<testsuite skipped="0" hostname="DESKTOP-LTCNF9N" name="getRequest.Topics_PostData" tests="1" failures="0" timestamp="15 Mar 2019 06:25:02 GMT" time="1.931" errors="0">
  <testcase name="postExample" time="1.931" classname="getRequest.Topics_PostData"/>
</testsuite> <!-- getRequest.Topics_PostData -->
