<?xml version="1.0" encoding="UTF-8"?>
<!-- Generated by org.testng.reporters.JUnitReportReporter -->
<testsuite skipped="0" hostname="DESKTOP-LTCNF9N" name="getRequest.questionsetformats_deletedata" tests="2" failures="0" timestamp="15 Mar 2019 06:32:05 GMT" time="2.141" errors="0">
  <testcase name="responsebody" time="0.599" classname="getRequest.questionsetformats_deletedata"/>
  <testcase name="Delete" time="1.542" classname="getRequest.questionsetformats_deletedata"/>
</testsuite> <!-- getRequest.questionsetformats_deletedata -->
