<?xml version="1.0" encoding="UTF-8"?>
<!-- Generated by org.testng.reporters.JUnitReportReporter -->
<testsuite skipped="0" hostname="DESKTOP-LTCNF9N" name="getRequest.Topic_Deletedata" tests="2" failures="0" timestamp="15 Mar 2019 06:31:36 GMT" time="2.170" errors="0">
  <testcase name="Delete" time="1.550" classname="getRequest.Topic_Deletedata"/>
  <testcase name="responsebody" time="0.620" classname="getRequest.Topic_Deletedata"/>
</testsuite> <!-- getRequest.Topic_Deletedata -->
