<?xml version="1.0" encoding="UTF-8"?>
<!-- Generated by org.testng.reporters.JUnitReportReporter -->
<testsuite skipped="0" hostname="DESKTOP-LTCNF9N" name="getRequest.PUT_POST_testtime" tests="1" failures="0" timestamp="14 Mar 2019 12:50:04 GMT" time="1.626" errors="0">
  <testcase name="update" time="1.626" classname="getRequest.PUT_POST_testtime"/>
</testsuite> <!-- getRequest.PUT_POST_testtime -->
