<?xml version="1.0" encoding="UTF-8"?>
<!-- Generated by org.testng.reporters.JUnitReportReporter -->
<testsuite skipped="0" hostname="DESKTOP-LTCNF9N" name="getRequest.UserController_Postdata" tests="1" failures="0" timestamp="16 Mar 2019 09:36:29 GMT" time="1.567" errors="0">
  <testcase name="PostData" time="1.567" classname="getRequest.UserController_Postdata"/>
</testsuite> <!-- getRequest.UserController_Postdata -->
