<?xml version="1.0" encoding="UTF-8"?>
<!-- Generated by org.testng.reporters.JUnitReportReporter -->
<testsuite skipped="0" hostname="DESKTOP-LTCNF9N" name="getRequest.POST_QuestionDifficulty" tests="2" failures="0" timestamp="15 Mar 2019 10:37:56 GMT" time="2.246" errors="0">
  <testcase name="postdata" time="1.625" classname="getRequest.POST_QuestionDifficulty"/>
  <testcase name="testbody" time="0.621" classname="getRequest.POST_QuestionDifficulty"/>
</testsuite> <!-- getRequest.POST_QuestionDifficulty -->
