<?xml version="1.0" encoding="UTF-8"?>
<!-- Generated by org.testng.reporters.JUnitReportReporter -->
<testsuite skipped="0" hostname="DESKTOP-LTCNF9N" name="getRequest.getData" tests="2" failures="0" timestamp="16 Mar 2019 14:07:53 GMT" time="2.158" errors="0">
  <testcase name="testResponsecode" time="1.572" classname="getRequest.getData"/>
  <testcase name="testbody" time="0.586" classname="getRequest.getData"/>
</testsuite> <!-- getRequest.getData -->
