<?xml version="1.0" encoding="UTF-8"?>
<!-- Generated by org.testng.reporters.JUnitReportReporter -->
<testsuite skipped="0" hostname="DESKTOP-LTCNF9N" name="FundooNotes.SignUp_PostRequest" tests="1" failures="0" timestamp="28 Mar 2019 09:18:16 GMT" time="1.031" errors="0">
  <testcase name="postdata" time="1.031" classname="FundooNotes.SignUp_PostRequest"/>
</testsuite> <!-- FundooNotes.SignUp_PostRequest -->
