<?xml version="1.0" encoding="UTF-8"?>
<!-- Generated by org.testng.reporters.JUnitReportReporter -->
<testsuite skipped="0" hostname="DESKTOP-LTCNF9N" name="getRequest.PostData" tests="2" failures="0" timestamp="15 Mar 2019 09:28:36 GMT" time="8.012" errors="0">
  <testcase name="postdata" time="4.972" classname="getRequest.PostData"/>
  <testcase name="testbody" time="3.040" classname="getRequest.PostData"/>
</testsuite> <!-- getRequest.PostData -->
