<?xml version="1.0" encoding="UTF-8"?>
<!-- Generated by org.testng.reporters.JUnitReportReporter -->
<testsuite skipped="0" hostname="DESKTOP-LTCNF9N" name="getRequest.questionsetformats_postRequest" tests="1" failures="0" timestamp="15 Mar 2019 06:47:02 GMT" time="1.622" errors="0">
  <testcase name="postdata" time="1.622" classname="getRequest.questionsetformats_postRequest"/>
</testsuite> <!-- getRequest.questionsetformats_postRequest -->
